[0m[[0m[0mdebug[0m] [0m[0m> Exec(testOnly timer.TimerTester -- -DwriteVcd=1, Some(6238cc27-7cce-4e9b-a2b2-94f2f8ae1b07), Some(CommandSource(console0)))[0m
[0m[[0m[0mdebug[0m] [0m[0mEvaluating tasks: Test / testOnly[0m
[0m[[0m[0mdebug[0m] [0m[0mRunning task... Cancel: Signal, check cycles: false, forcegc: true[0m
[0m[[0m[0minfo[0m] [0m[0mcompiling 3 Scala sources to /home/talha/timer/target/scala-2.12/classes ...[0m
[0m[[0m[31merror[0m] [0m[0m/home/talha/timer/src/main/scala/TimerHarness.scala:2:8: not found: object caravan[0m
[0m[[0m[31merror[0m] [0m[0mimport caravan.bus.tilelink.{TLRequest, TLResponse, TilelinkConfig, TilelinkDevice, TilelinkHost}[0m
[0m[[0m[31merror[0m] [0m[0m       ^[0m
[0m[[0m[31merror[0m] [0m[0m/home/talha/timer/src/main/scala/TimerHarness.scala:3:8: not found: object caravan[0m
[0m[[0m[31merror[0m] [0m[0mimport caravan.bus.wishbone.{WBRequest, WBResponse, WishboneConfig, WishboneDevice, WishboneHost}[0m
[0m[[0m[31merror[0m] [0m[0m       ^[0m
[0m[[0m[31merror[0m] [0m[0m/home/talha/timer/src/main/scala/TimerHarness.scala:8:15: object rams is not a member of package jigsaw[0m
[0m[[0m[31merror[0m] [0m[0mimport jigsaw.rams.sram._[0m
[0m[[0m[31merror[0m] [0m[0m              ^[0m
[0m[[0m[31merror[0m] [0m[0m/home/talha/timer/src/main/scala/TimerHarness.scala:10:41: not found: type WishboneConfig[0m
[0m[[0m[31merror[0m] [0m[0mclass TimerHarness(implicit val config: WishboneConfig ) extends Module {[0m
[0m[[0m[31merror[0m] [0m[0m                                        ^[0m
[0m[[0m[31merror[0m] [0m[0m/home/talha/timer/src/main/scala/TimerHarness.scala:14:37: not found: type WBRequest[0m
[0m[[0m[31merror[0m] [0m[0m    val req = Flipped(Decoupled(new WBRequest()))[0m
[0m[[0m[31merror[0m] [0m[0m                                    ^[0m
[0m[[0m[31merror[0m] [0m[0m/home/talha/timer/src/main/scala/TimerHarness.scala:15:29: not found: type WBResponse[0m
[0m[[0m[31merror[0m] [0m[0m    val rsp = Decoupled(new WBResponse())[0m
[0m[[0m[31merror[0m] [0m[0m                            ^[0m
[0m[[0m[31merror[0m] [0m[0m/home/talha/timer/src/main/scala/TimerHarness.scala:19:32: not found: type WishboneHost[0m
[0m[[0m[31merror[0m] [0m[0m  val hostAdapter = Module(new WishboneHost())[0m
[0m[[0m[31merror[0m] [0m[0m                               ^[0m
[0m[[0m[31merror[0m] [0m[0m/home/talha/timer/src/main/scala/TimerHarness.scala:20:34: not found: type WishboneDevice[0m
[0m[[0m[31merror[0m] [0m[0m  val deviceAdapter = Module(new WishboneDevice())[0m
[0m[[0m[31merror[0m] [0m[0m                                 ^[0m
[0m[[0m[31merror[0m] [0m[0m/home/talha/timer/src/main/scala/TimerHarness.scala:21:26: not found: type Timer[0m
[0m[[0m[31merror[0m] [0m[0m  val timer = Module(new Timer(new WBRequest(), new WBResponse()))[0m
[0m[[0m[31merror[0m] [0m[0m                         ^[0m
[0m[[0m[31merror[0m] [0m[0m/home/talha/timer/src/main/scala/TimerHarness.scala:21:36: not found: type WBRequest[0m
[0m[[0m[31merror[0m] [0m[0m  val timer = Module(new Timer(new WBRequest(), new WBResponse()))[0m
[0m[[0m[31merror[0m] [0m[0m                                   ^[0m
[0m[[0m[31merror[0m] [0m[0m/home/talha/timer/src/main/scala/TimerHarness.scala:21:53: not found: type WBResponse[0m
[0m[[0m[31merror[0m] [0m[0m  val timer = Module(new Timer(new WBRequest(), new WBResponse()))[0m
[0m[[0m[31merror[0m] [0m[0m                                                    ^[0m
[0m[[0m[31merror[0m] [0m[0m/home/talha/timer/src/main/scala/TimerHarness.scala:35:25: not found: value WishboneConfig[0m
[0m[[0m[31merror[0m] [0m[0m  implicit val config = WishboneConfig(32,32)[0m
[0m[[0m[31merror[0m] [0m[0m                        ^[0m
[0m[[0m[31merror[0m] [0m[0m/home/talha/timer/src/main/scala/TimerHarness.scala:43:43: not found: type TilelinkConfig[0m
[0m[[0m[31merror[0m] [0m[0mclass TimerHarnessTL(implicit val config: TilelinkConfig ) extends Module {[0m
[0m[[0m[31merror[0m] [0m[0m                                          ^[0m
[0m[[0m[31merror[0m] [0m[0m/home/talha/timer/src/main/scala/TimerHarness.scala:47:37: not found: type TLRequest[0m
[0m[[0m[31merror[0m] [0m[0m    val req = Flipped(Decoupled(new TLRequest()))[0m
[0m[[0m[31merror[0m] [0m[0m                                    ^[0m
[0m[[0m[31merror[0m] [0m[0m/home/talha/timer/src/main/scala/TimerHarness.scala:48:29: not found: type TLResponse[0m
[0m[[0m[31merror[0m] [0m[0m    val rsp = Decoupled(new TLResponse())[0m
[0m[[0m[31merror[0m] [0m[0m                            ^[0m
[0m[[0m[31merror[0m] [0m[0m/home/talha/timer/src/main/scala/TimerHarness.scala:53:32: not found: type TilelinkHost[0m
[0m[[0m[31merror[0m] [0m[0m  val hostAdapter = Module(new TilelinkHost())[0m
[0m[[0m[31merror[0m] [0m[0m                               ^[0m
[0m[[0m[31merror[0m] [0m[0m/home/talha/timer/src/main/scala/TimerHarness.scala:54:34: not found: type TilelinkDevice[0m
[0m[[0m[31merror[0m] [0m[0m  val deviceAdapter = Module(new TilelinkDevice())[0m
[0m[[0m[31merror[0m] [0m[0m                                 ^[0m
[0m[[0m[31merror[0m] [0m[0m/home/talha/timer/src/main/scala/TimerHarness.scala:55:26: not found: type Timer[0m
[0m[[0m[31merror[0m] [0m[0m  val timer = Module(new Timer(new TLRequest(), new TLResponse()))[0m
[0m[[0m[31merror[0m] [0m[0m                         ^[0m
[0m[[0m[31merror[0m] [0m[0m/home/talha/timer/src/main/scala/TimerHarness.scala:55:36: not found: type TLRequest[0m
[0m[[0m[31merror[0m] [0m[0m  val timer = Module(new Timer(new TLRequest(), new TLResponse()))[0m
[0m[[0m[31merror[0m] [0m[0m                                   ^[0m
[0m[[0m[31merror[0m] [0m[0m/home/talha/timer/src/main/scala/TimerHarness.scala:55:53: not found: type TLResponse[0m
[0m[[0m[31merror[0m] [0m[0m  val timer = Module(new Timer(new TLRequest(), new TLResponse()))[0m
[0m[[0m[31merror[0m] [0m[0m                                                    ^[0m
[0m[[0m[31merror[0m] [0m[0m/home/talha/timer/src/main/scala/TimerHarness.scala:70:25: not found: value TilelinkConfig[0m
[0m[[0m[31merror[0m] [0m[0m  implicit val config = TilelinkConfig()[0m
[0m[[0m[31merror[0m] [0m[0m                        ^[0m
[0m[[0m[31merror[0m] [0m[0m/home/talha/timer/src/main/scala/timer/Timer.scala:5:8: not found: object caravan[0m
[0m[[0m[31merror[0m] [0m[0mimport caravan.bus.common.{AbstrRequest, AbstrResponse}[0m
[0m[[0m[31merror[0m] [0m[0m       ^[0m
[0m[[0m[31merror[0m] [0m[0m/home/talha/timer/src/main/scala/timer/Timer.scala:10:33: not found: value gen[0m
[0m[[0m[31merror[0m] [0m[0m    val req = Flipped(Decoupled(gen))[0m
[0m[[0m[31merror[0m] [0m[0m                                ^[0m
[0m[[0m[31merror[0m] [0m[0m/home/talha/timer/src/main/scala/timer/Timer.scala:11:25: not found: value gen1[0m
[0m[[0m[31merror[0m] [0m[0m    val rsp = Decoupled(gen1)[0m
[0m[[0m[31merror[0m] [0m[0m                        ^[0m
[0m[[0m[31merror[0m] [0m[0m/home/talha/timer/src/main/scala/timer/Timer.scala:18:18: not found: type AbstrRequest[0m
[0m[[0m[31merror[0m] [0m[0mclass Timer[A <: AbstrRequest, B <: AbstrResponse][0m
[0m[[0m[31merror[0m] [0m[0m                 ^[0m
[0m[[0m[31merror[0m] [0m[0m/home/talha/timer/src/main/scala/timer/Timer.scala:18:37: not found: type AbstrResponse[0m
[0m[[0m[31merror[0m] [0m[0mclass Timer[A <: AbstrRequest, B <: AbstrResponse][0m
[0m[[0m[31merror[0m] [0m[0m                                    ^[0m
[0m[[0m[31merror[0m] [0m[0m/home/talha/timer/src/main/scala/timer/Timer.scala:20:21: not found: type Protocol_IO[0m
[0m[[0m[31merror[0m] [0m[0m    val io = IO(new Protocol_IO())[0m
[0m[[0m[31merror[0m] [0m[0m                    ^[0m
[0m[[0m[31merror[0m] [0m[0m27 errors found[0m
[0m[[0m[0mdebug[0m] [0m[0mForcing garbage collection...[0m
[0m[[0m[31merror[0m] [0m[0m(Compile / [31mcompileIncremental[0m) Compilation failed[0m
[0m[[0m[31merror[0m] [0m[0mTotal time: 7 s, completed Mar 26, 2022 4:00:48 PM[0m
[0m[[0m[0mdebug[0m] [0m[0m> Exec(shell, None, None)[0m
[0m[[0m[0minfo[0m] [0m[0mshutting down sbt server[0m
